MDMDemo/app/build/outputs/logs/manifest-merger-debug-report.txt
-- Merging decision tree log ---
manifest
ADDED from src\main\AndroidManifest.xml:2:1-45:12
	package
		ADDED from src\main\AndroidManifest.xml:3:5-27
		INJECTED from src\main\AndroidManifest.xml
		INJECTED from src\main\AndroidManifest.xml
	android:versionName
		ADDED from src\main\AndroidManifest.xml:5:5-30
		INJECTED from src\main\AndroidManifest.xml
		INJECTED from src\main\AndroidManifest.xml
	android:versionCode
		ADDED from src\main\AndroidManifest.xml:4:5-28
		INJECTED from src\main\AndroidManifest.xml
		INJECTED from src\main\AndroidManifest.xml
	xmlns:android
		ADDED from src\main\AndroidManifest.xml:2:11-69
uses-permission#com.huawei.permission.sec.MDM
ADDED from src\main\AndroidManifest.xml:7:5-69
	android:name
		ADDED from src\main\AndroidManifest.xml:7:22-66
uses-permission#android.permission.READ_PHONE_STATE
ADDED from src\main\AndroidManifest.xml:8:5-91
	android:name
		ADDED from src\main\AndroidManifest.xml:8:22-72
uses-sdk
ADDED from src\main\AndroidManifest.xml:10:5-12:41
	android:targetSdkVersion
		ADDED from src\main\AndroidManifest.xml:12:9-38
		INJECTED from src\main\AndroidManifest.xml
		INJECTED from src\main\AndroidManifest.xml
	android:minSdkVersion
		ADDED from src\main\AndroidManifest.xml:11:9-34
		INJECTED from src\main\AndroidManifest.xml
		INJECTED from src\main\AndroidManifest.xml
application
ADDED from src\main\AndroidManifest.xml:14:5-43:19
	android:label
		ADDED from src\main\AndroidManifest.xml:17:9-41
	android:allowBackup
		ADDED from src\main\AndroidManifest.xml:15:9-35
	android:icon
		ADDED from src\main\AndroidManifest.xml:16:9-45
	android:theme
		ADDED from src\main\AndroidManifest.xml:18:9-62
meta-data#hwc-theme
ADDED from src\main\AndroidManifest.xml:19:9-21:61
	android:value
		ADDED from src\main\AndroidManifest.xml:21:13-58
	android:name
		ADDED from src\main\AndroidManifest.xml:20:13-37
activity#cn.kiway.mdm.SampleMainActivity
ADDED from src\main\AndroidManifest.xml:23:9-29:20
	android:name
		ADDED from src\main\AndroidManifest.xml:23:19-65
intent-filter#android.intent.action.MAIN+android.intent.category.LAUNCHER
ADDED from src\main\AndroidManifest.xml:24:13-28:29
action#android.intent.action.MAIN
ADDED from src\main\AndroidManifest.xml:25:17-69
	android:name
		ADDED from src\main\AndroidManifest.xml:25:25-66
category#android.intent.category.LAUNCHER
ADDED from src\main\AndroidManifest.xml:27:17-77
	android:name
		ADDED from src\main\AndroidManifest.xml:27:27-74
activity#cn.kiway.mdm.LicenseActivity
ADDED from src\main\AndroidManifest.xml:30:9-74
	android:name
		ADDED from src\main\AndroidManifest.xml:30:19-62
receiver#cn.kiway.mdm.SampleDeviceReceiver
ADDED from src\main\AndroidManifest.xml:32:9-42:20
	android:permission
		ADDED from src\main\AndroidManifest.xml:34:13-70
	android:name
		ADDED from src\main\AndroidManifest.xml:33:13-61
meta-data#android.app.device_admin
ADDED from src\main\AndroidManifest.xml:35:13-37:56
	android:resource
		ADDED from src\main\AndroidManifest.xml:37:17-53
	android:name
		ADDED from src\main\AndroidManifest.xml:36:17-56
intent-filter#android.app.action.DEVICE_ADMIN_ENABLED
ADDED from src\main\AndroidManifest.xml:39:13-41:29
action#android.app.action.DEVICE_ADMIN_ENABLED
ADDED from src\main\AndroidManifest.xml:40:17-82
	android:name
		ADDED from src\main\AndroidManifest.xml:40:25-79